Determining if the pthread_create exist failed with the following output:
Change Dir: /home/fran/CLionProjects/clion_conta_palavras_1/ContaPalavras/cmake-build-debug/CMakeFiles/CMakeTmp

Run Build Command(s):/usr/bin/make cmTC_c7d43/fast 
/usr/bin/make -f CMakeFiles/cmTC_c7d43.dir/build.make CMakeFiles/cmTC_c7d43.dir/build
make[1]: Entering directory '/home/fran/CLionProjects/clion_conta_palavras_1/ContaPalavras/cmake-build-debug/CMakeFiles/CMakeTmp'
Building C object CMakeFiles/cmTC_c7d43.dir/CheckSymbolExists.c.o
/usr/bin/cc    -o CMakeFiles/cmTC_c7d43.dir/CheckSymbolExists.c.o   -c /home/fran/CLionProjects/clion_conta_palavras_1/ContaPalavras/cmake-build-debug/CMakeFiles/CMakeTmp/CheckSymbolExists.c
Linking C executable cmTC_c7d43
/home/fran/Downloads/CLion-2019.2/clion-2019.2/bin/cmake/linux/bin/cmake -E cmake_link_script CMakeFiles/cmTC_c7d43.dir/link.txt --verbose=1
/usr/bin/cc      -rdynamic CMakeFiles/cmTC_c7d43.dir/CheckSymbolExists.c.o  -o cmTC_c7d43 
/usr/bin/ld: CMakeFiles/cmTC_c7d43.dir/CheckSymbolExists.c.o: na função "main":
CheckSymbolExists.c:(.text+0x1b): referência não definida para "pthread_create"
collect2: error: ld returned 1 exit status
make[1]: *** [CMakeFiles/cmTC_c7d43.dir/build.make:87: cmTC_c7d43] Error 1
make[1]: Leaving directory '/home/fran/CLionProjects/clion_conta_palavras_1/ContaPalavras/cmake-build-debug/CMakeFiles/CMakeTmp'
make: *** [Makefile:121: cmTC_c7d43/fast] Error 2

File /home/fran/CLionProjects/clion_conta_palavras_1/ContaPalavras/cmake-build-debug/CMakeFiles/CMakeTmp/CheckSymbolExists.c:
/* */
#include <pthread.h>

int main(int argc, char** argv)
{
  (void)argv;
#ifndef pthread_create
  return ((int*)(&pthread_create))[argc];
#else
  (void)argc;
  return 0;
#endif
}

Determining if the function pthread_create exists in the pthreads failed with the following output:
Change Dir: /home/fran/CLionProjects/clion_conta_palavras_1/ContaPalavras/cmake-build-debug/CMakeFiles/CMakeTmp

Run Build Command(s):/usr/bin/make cmTC_d8bf3/fast 
/usr/bin/make -f CMakeFiles/cmTC_d8bf3.dir/build.make CMakeFiles/cmTC_d8bf3.dir/build
make[1]: Entering directory '/home/fran/CLionProjects/clion_conta_palavras_1/ContaPalavras/cmake-build-debug/CMakeFiles/CMakeTmp'
Building C object CMakeFiles/cmTC_d8bf3.dir/CheckFunctionExists.c.o
/usr/bin/cc   -DCHECK_FUNCTION_EXISTS=pthread_create   -o CMakeFiles/cmTC_d8bf3.dir/CheckFunctionExists.c.o   -c /home/fran/Downloads/CLion-2019.2/clion-2019.2/bin/cmake/linux/share/cmake-3.14/Modules/CheckFunctionExists.c
Linking C executable cmTC_d8bf3
/home/fran/Downloads/CLion-2019.2/clion-2019.2/bin/cmake/linux/bin/cmake -E cmake_link_script CMakeFiles/cmTC_d8bf3.dir/link.txt --verbose=1
/usr/bin/cc  -DCHECK_FUNCTION_EXISTS=pthread_create    -rdynamic CMakeFiles/cmTC_d8bf3.dir/CheckFunctionExists.c.o  -o cmTC_d8bf3 -lpthreads 
/usr/bin/ld: não foi possível localizar -lpthreads
collect2: error: ld returned 1 exit status
make[1]: *** [CMakeFiles/cmTC_d8bf3.dir/build.make:87: cmTC_d8bf3] Error 1
make[1]: Leaving directory '/home/fran/CLionProjects/clion_conta_palavras_1/ContaPalavras/cmake-build-debug/CMakeFiles/CMakeTmp'
make: *** [Makefile:121: cmTC_d8bf3/fast] Error 2


